2024-10-30T17:55:03,116 [main] INFO  a.f.a.t.Tool$ - # APALACHE version: 0.44.11 | build: 5dee24e
2024-10-30T17:55:03,122 [main] INFO  a.f.a.t.t.o.ServerCmd - Starting server on port 8822...
2024-10-30T17:55:06,964 [zio-default-async-5] INFO  a.f.a.i.p.PassChainExecutor$ - PASS #0: SanyParser
2024-10-30T17:55:07,610 [zio-default-async-5] DEBUG a.f.a.i.p.PassChainExecutor$ - PASS #0: SanyParser [OK]
2024-10-30T17:55:07,610 [zio-default-async-5] INFO  a.f.a.i.p.PassChainExecutor$ - PASS #1: TypeCheckerSnowcat
2024-10-30T17:55:07,610 [zio-default-async-5] INFO  a.f.a.t.p.t.EtcTypeCheckerPassImpl -  > Running Snowcat .::.
2024-10-30T17:55:08,901 [zio-default-async-5] INFO  a.f.a.t.p.t.EtcTypeCheckerPassImpl -  > Your types are purrfect!
2024-10-30T17:55:08,901 [zio-default-async-5] INFO  a.f.a.t.p.t.EtcTypeCheckerPassImpl -  > All expressions are typed
2024-10-30T17:55:08,902 [zio-default-async-5] DEBUG a.f.a.i.p.PassChainExecutor$ - PASS #1: TypeCheckerSnowcat [OK]
2024-10-30T17:55:08,902 [zio-default-async-5] INFO  a.f.a.i.p.PassChainExecutor$ - PASS #2: ConfigurationPass
2024-10-30T17:55:08,910 [zio-default-async-5] INFO  a.f.a.t.p.p.ConfigurationPassImpl -   > Set the initialization predicate to q::init
2024-10-30T17:55:08,911 [zio-default-async-5] INFO  a.f.a.t.p.p.ConfigurationPassImpl -   > Set the transition predicate to q::step
2024-10-30T17:55:08,911 [zio-default-async-5] INFO  a.f.a.t.p.p.ConfigurationPassImpl -   > Set an invariant to q::inv
2024-10-30T17:55:08,915 [zio-default-async-5] DEBUG a.f.a.i.p.PassChainExecutor$ - PASS #2: ConfigurationPass [OK]
2024-10-30T17:55:08,915 [zio-default-async-5] INFO  a.f.a.i.p.PassChainExecutor$ - PASS #3: DesugarerPass
2024-10-30T17:55:08,915 [zio-default-async-5] INFO  a.f.a.t.p.p.DesugarerPassImpl -   > Desugaring...
2024-10-30T17:55:08,925 [zio-default-async-5] DEBUG a.f.a.i.p.PassChainExecutor$ - PASS #3: DesugarerPass [OK]
2024-10-30T17:55:08,925 [zio-default-async-5] INFO  a.f.a.i.p.PassChainExecutor$ - PASS #4: InlinePass
2024-10-30T17:55:08,926 [zio-default-async-5] INFO  a.f.a.t.p.p.InlinePassImpl - Leaving only relevant operators: CInitPrimed, q::init, q::initPrimed, q::inv, q::step
2024-10-30T17:55:09,103 [zio-default-async-5] DEBUG a.f.a.i.p.PassChainExecutor$ - PASS #4: InlinePass [OK]
2024-10-30T17:55:09,103 [zio-default-async-5] INFO  a.f.a.i.p.PassChainExecutor$ - PASS #5: TemporalPass
2024-10-30T17:55:09,103 [zio-default-async-5] INFO  a.f.a.t.p.p.TemporalPassImpl -   > Rewriting temporal operators...
2024-10-30T17:55:09,103 [zio-default-async-5] INFO  a.f.a.t.p.p.TemporalPassImpl -   > No temporal property specified, nothing to encode
2024-10-30T17:55:09,103 [zio-default-async-5] DEBUG a.f.a.i.p.PassChainExecutor$ - PASS #5: TemporalPass [OK]
2024-10-30T17:55:09,103 [zio-default-async-5] INFO  a.f.a.i.p.PassChainExecutor$ - PASS #6: InlinePass
2024-10-30T17:55:09,103 [zio-default-async-5] INFO  a.f.a.t.p.p.InlinePassImpl - Leaving only relevant operators: CInitPrimed, q::init, q::initPrimed, q::inv, q::step
2024-10-30T17:55:09,117 [zio-default-async-5] DEBUG a.f.a.i.p.PassChainExecutor$ - PASS #6: InlinePass [OK]
2024-10-30T17:55:09,117 [zio-default-async-5] INFO  a.f.a.i.p.PassChainExecutor$ - PASS #7: PrimingPass
2024-10-30T17:55:09,121 [zio-default-async-5] INFO  a.f.a.t.p.a.PrimingPassImpl -   > Introducing q::initPrimed for q::init'
2024-10-30T17:55:09,122 [zio-default-async-5] DEBUG a.f.a.i.p.PassChainExecutor$ - PASS #7: PrimingPass [OK]
2024-10-30T17:55:09,122 [zio-default-async-5] INFO  a.f.a.i.p.PassChainExecutor$ - PASS #8: VCGen
2024-10-30T17:55:09,122 [zio-default-async-5] INFO  a.f.a.t.b.p.VCGenPassImpl -   > Producing verification conditions from the invariant q::inv
2024-10-30T17:55:09,125 [zio-default-async-5] INFO  a.f.a.t.b.VCGenerator -   > VCGen produced 1 verification condition(s)
2024-10-30T17:55:09,127 [zio-default-async-5] DEBUG a.f.a.i.p.PassChainExecutor$ - PASS #8: VCGen [OK]
2024-10-30T17:55:09,127 [zio-default-async-5] INFO  a.f.a.i.p.PassChainExecutor$ - PASS #9: PreprocessingPass
2024-10-30T17:55:09,127 [zio-default-async-5] INFO  a.f.a.t.p.p.PreproPassImpl -   > Before preprocessing: unique renaming
2024-10-30T17:55:09,130 [zio-default-async-5] INFO  a.f.a.t.p.p.PreproPassImpl -  > Applying standard transformations:
2024-10-30T17:55:09,131 [zio-default-async-5] INFO  a.f.a.t.p.p.PreproPassImpl -   > PrimePropagation
2024-10-30T17:55:09,133 [zio-default-async-5] INFO  a.f.a.t.p.p.PreproPassImpl -   > Desugarer
2024-10-30T17:55:09,143 [zio-default-async-5] INFO  a.f.a.t.p.p.PreproPassImpl -   > UniqueRenamer
2024-10-30T17:55:09,152 [zio-default-async-5] INFO  a.f.a.t.p.p.PreproPassImpl -   > Normalizer
2024-10-30T17:55:09,159 [zio-default-async-5] INFO  a.f.a.t.p.p.PreproPassImpl -   > Keramelizer
2024-10-30T17:55:09,176 [zio-default-async-5] INFO  a.f.a.t.p.p.PreproPassImpl -   > After preprocessing: UniqueRenamer
2024-10-30T17:55:09,185 [zio-default-async-5] DEBUG a.f.a.i.p.PassChainExecutor$ - PASS #9: PreprocessingPass [OK]
2024-10-30T17:55:09,186 [zio-default-async-5] INFO  a.f.a.i.p.PassChainExecutor$ - PASS #10: TransitionFinderPass
2024-10-30T17:55:09,191 [zio-default-async-5] INFO  a.f.a.t.p.a.TransitionPassImpl -   > Found 1 initializing transitions
2024-10-30T17:55:09,254 [zio-default-async-5] INFO  a.f.a.t.p.a.TransitionPassImpl -   > Found 9 transitions
2024-10-30T17:55:09,255 [zio-default-async-5] INFO  a.f.a.t.p.a.TransitionPassImpl -   > No constant initializer
2024-10-30T17:55:09,268 [zio-default-async-5] INFO  a.f.a.t.p.a.TransitionPassImpl -   > Applying unique renaming
2024-10-30T17:55:09,287 [zio-default-async-5] DEBUG a.f.a.i.p.PassChainExecutor$ - PASS #10: TransitionFinderPass [OK]
2024-10-30T17:55:09,287 [zio-default-async-5] INFO  a.f.a.i.p.PassChainExecutor$ - PASS #11: OptimizationPass
2024-10-30T17:55:09,292 [zio-default-async-5] INFO  a.f.a.t.p.p.OptPassImpl -  > Applying optimizations:
2024-10-30T17:55:09,292 [zio-default-async-5] INFO  a.f.a.t.p.p.OptPassImpl -   > ConstSimplifier
2024-10-30T17:55:09,312 [zio-default-async-5] INFO  a.f.a.t.p.p.OptPassImpl -   > ExprOptimizer
2024-10-30T17:55:09,322 [zio-default-async-5] INFO  a.f.a.t.p.p.OptPassImpl -   > SetMembershipSimplifier
2024-10-30T17:55:09,338 [zio-default-async-5] INFO  a.f.a.t.p.p.OptPassImpl -   > ConstSimplifier
2024-10-30T17:55:09,391 [zio-default-async-5] DEBUG a.f.a.i.p.PassChainExecutor$ - PASS #11: OptimizationPass [OK]
2024-10-30T17:55:09,391 [zio-default-async-5] INFO  a.f.a.i.p.PassChainExecutor$ - PASS #12: AnalysisPass
2024-10-30T17:55:09,392 [zio-default-async-5] INFO  a.f.a.t.b.p.AnalysisPassImpl -  > Marking skolemizable existentials and sets to be expanded...
2024-10-30T17:55:09,393 [zio-default-async-5] INFO  a.f.a.t.b.p.AnalysisPassImpl -   > Skolemization
2024-10-30T17:55:09,394 [zio-default-async-5] INFO  a.f.a.t.b.p.AnalysisPassImpl -   > Expansion
2024-10-30T17:55:09,402 [zio-default-async-5] INFO  a.f.a.t.b.p.AnalysisPassImpl -   > Remove unused let-in defs
2024-10-30T17:55:09,418 [zio-default-async-5] INFO  a.f.a.t.b.p.AnalysisPassImpl -  > Running analyzers...
2024-10-30T17:55:09,423 [zio-default-async-5] INFO  a.f.a.t.b.p.AnalysisPassImpl -   > Introduced expression grades
2024-10-30T17:55:09,423 [zio-default-async-5] DEBUG a.f.a.i.p.PassChainExecutor$ - PASS #12: AnalysisPass [OK]
2024-10-30T17:55:09,423 [zio-default-async-5] INFO  a.f.a.i.p.PassChainExecutor$ - PASS #13: BoundedChecker
2024-10-30T17:55:09,436 [zio-default-async-5] DEBUG a.f.a.t.b.s.Z3SolverContext - Creating Z3 solver context 0
2024-10-30T17:55:10,268 [zio-default-async-5] DEBUG a.f.a.t.b.t.TransitionExecutorImpl - Step #0, transition #0
2024-10-30T17:55:10,268 [zio-default-async-5] DEBUG a.f.a.t.b.t.TransitionExecutorImpl - Translating to SMT
2024-10-30T17:55:10,305 [zio-default-async-5] DEBUG a.f.a.i.p.PassChainExecutor$ - Adapted exception intercepted: 
at.forsyte.apalache.tla.bmcmt.RewriterException: Unexpected type d when generating a default value
	at at.forsyte.apalache.tla.bmcmt.rules.aux.DefaultValueFactory.makeUpValue(DefaultValueFactory.scala:113)
	at at.forsyte.apalache.tla.bmcmt.rules.aux.RecordAndVariantOps.$anonfun$makeVariant$1(RecordAndVariantOps.scala:100)
	at scala.collection.StrictOptimizedSortedMapOps.map(StrictOptimizedSortedMapOps.scala:30)
	at scala.collection.StrictOptimizedSortedMapOps.map$(StrictOptimizedSortedMapOps.scala:29)
	at scala.collection.immutable.TreeMap.map(TreeMap.scala:73)
	at at.forsyte.apalache.tla.bmcmt.rules.aux.RecordAndVariantOps.makeVariant(RecordAndVariantOps.scala:96)
	at at.forsyte.apalache.tla.bmcmt.rules.VariantOpsRule.translateVariant(VariantOpsRule.scala:63)
	at at.forsyte.apalache.tla.bmcmt.rules.VariantOpsRule.apply(VariantOpsRule.scala:33)
	at at.forsyte.apalache.tla.bmcmt.SymbStateRewriterImpl.rewriteOnce(SymbStateRewriterImpl.scala:355)
	at at.forsyte.apalache.tla.bmcmt.SymbStateRewriterImpl.doRecursive$1(SymbStateRewriterImpl.scala:388)
	at at.forsyte.apalache.tla.bmcmt.SymbStateRewriterImpl.rewriteUntilDone(SymbStateRewriterImpl.scala:422)
	at at.forsyte.apalache.tla.bmcmt.rules.FoldSeqRule.apply(FoldSeqRule.scala:36)
	at at.forsyte.apalache.tla.bmcmt.SymbStateRewriterImpl.rewriteOnce(SymbStateRewriterImpl.scala:355)
	at at.forsyte.apalache.tla.bmcmt.SymbStateRewriterImpl.doRecursive$1(SymbStateRewriterImpl.scala:388)
	at at.forsyte.apalache.tla.bmcmt.SymbStateRewriterImpl.rewriteUntilDone(SymbStateRewriterImpl.scala:422)
	at at.forsyte.apalache.tla.bmcmt.rules.VariantOpsRule.translateVariantTag(VariantOpsRule.scala:117)
	at at.forsyte.apalache.tla.bmcmt.rules.VariantOpsRule.apply(VariantOpsRule.scala:40)
	at at.forsyte.apalache.tla.bmcmt.SymbStateRewriterImpl.rewriteOnce(SymbStateRewriterImpl.scala:355)
	at at.forsyte.apalache.tla.bmcmt.SymbStateRewriterImpl.doRecursive$1(SymbStateRewriterImpl.scala:388)
	at at.forsyte.apalache.tla.bmcmt.SymbStateRewriterImpl.rewriteUntilDone(SymbStateRewriterImpl.scala:422)
	at at.forsyte.apalache.tla.bmcmt.rules.EqRule.apply(EqRule.scala:47)
	at at.forsyte.apalache.tla.bmcmt.SymbStateRewriterImpl.rewriteOnce(SymbStateRewriterImpl.scala:355)
	at at.forsyte.apalache.tla.bmcmt.SymbStateRewriterImpl.doRecursive$1(SymbStateRewriterImpl.scala:388)
	at at.forsyte.apalache.tla.bmcmt.SymbStateRewriterImpl.rewriteUntilDone(SymbStateRewriterImpl.scala:422)
	at at.forsyte.apalache.tla.bmcmt.rules.IfThenElseRule.apply(IfThenElseRule.scala:32)
	at at.forsyte.apalache.tla.bmcmt.SymbStateRewriterImpl.rewriteOnce(SymbStateRewriterImpl.scala:355)
	at at.forsyte.apalache.tla.bmcmt.SymbStateRewriterImpl.doRecursive$1(SymbStateRewriterImpl.scala:388)
	at at.forsyte.apalache.tla.bmcmt.SymbStateRewriterImpl.rewriteUntilDone(SymbStateRewriterImpl.scala:422)
	at at.forsyte.apalache.tla.bmcmt.rules.FoldSeqRule.binOp$1(FoldSeqRule.scala:70)
	at at.forsyte.apalache.tla.bmcmt.rules.FoldSeqRule.$anonfun$apply$1(FoldSeqRule.scala:74)
	at at.forsyte.apalache.tla.bmcmt.rules.aux.ProtoSeqOps.applyOne$1(ProtoSeqOps.scala:327)
	at at.forsyte.apalache.tla.bmcmt.rules.aux.ProtoSeqOps.$anonfun$foldLeft$2(ProtoSeqOps.scala:345)
	at scala.collection.LinearSeqOps.foldLeft(LinearSeq.scala:183)
	at scala.collection.LinearSeqOps.foldLeft$(LinearSeq.scala:179)
	at scala.collection.immutable.List.foldLeft(List.scala:79)
	at at.forsyte.apalache.tla.bmcmt.rules.aux.ProtoSeqOps.foldLeft(ProtoSeqOps.scala:344)
	at at.forsyte.apalache.tla.bmcmt.rules.FoldSeqRule.apply(FoldSeqRule.scala:74)
	at at.forsyte.apalache.tla.bmcmt.SymbStateRewriterImpl.rewriteOnce(SymbStateRewriterImpl.scala:355)
	at at.forsyte.apalache.tla.bmcmt.SymbStateRewriterImpl.doRecursive$1(SymbStateRewriterImpl.scala:388)
	at at.forsyte.apalache.tla.bmcmt.SymbStateRewriterImpl.rewriteUntilDone(SymbStateRewriterImpl.scala:422)
	at at.forsyte.apalache.tla.bmcmt.rules.AssignmentRule.apply(AssignmentRule.scala:37)
	at at.forsyte.apalache.tla.bmcmt.SymbStateRewriterImpl.rewriteOnce(SymbStateRewriterImpl.scala:355)
	at at.forsyte.apalache.tla.bmcmt.SymbStateRewriterImpl.doRecursive$1(SymbStateRewriterImpl.scala:388)
	at at.forsyte.apalache.tla.bmcmt.SymbStateRewriterImpl.rewriteUntilDone(SymbStateRewriterImpl.scala:422)
	at at.forsyte.apalache.tla.bmcmt.rules.LetInRule.apply(LetInRule.scala:27)
	at at.forsyte.apalache.tla.bmcmt.SymbStateRewriterImpl.rewriteOnce(SymbStateRewriterImpl.scala:355)
	at at.forsyte.apalache.tla.bmcmt.SymbStateRewriterImpl.doRecursive$1(SymbStateRewriterImpl.scala:388)
	at at.forsyte.apalache.tla.bmcmt.SymbStateRewriterImpl.rewriteUntilDone(SymbStateRewriterImpl.scala:422)
	at at.forsyte.apalache.tla.bmcmt.rules.LetInRule.apply(LetInRule.scala:27)
	at at.forsyte.apalache.tla.bmcmt.SymbStateRewriterImpl.rewriteOnce(SymbStateRewriterImpl.scala:355)
	at at.forsyte.apalache.tla.bmcmt.SymbStateRewriterImpl.doRecursive$1(SymbStateRewriterImpl.scala:388)
	at at.forsyte.apalache.tla.bmcmt.SymbStateRewriterImpl.rewriteUntilDone(SymbStateRewriterImpl.scala:422)
	at at.forsyte.apalache.tla.bmcmt.rules.LetInRule.apply(LetInRule.scala:27)
	at at.forsyte.apalache.tla.bmcmt.SymbStateRewriterImpl.rewriteOnce(SymbStateRewriterImpl.scala:355)
	at at.forsyte.apalache.tla.bmcmt.SymbStateRewriterImpl.doRecursive$1(SymbStateRewriterImpl.scala:388)
	at at.forsyte.apalache.tla.bmcmt.SymbStateRewriterImpl.rewriteUntilDone(SymbStateRewriterImpl.scala:422)
	at at.forsyte.apalache.tla.bmcmt.rules.LetInRule.apply(LetInRule.scala:27)
	at at.forsyte.apalache.tla.bmcmt.SymbStateRewriterImpl.rewriteOnce(SymbStateRewriterImpl.scala:355)
	at at.forsyte.apalache.tla.bmcmt.SymbStateRewriterImpl.doRecursive$1(SymbStateRewriterImpl.scala:388)
	at at.forsyte.apalache.tla.bmcmt.SymbStateRewriterImpl.rewriteUntilDone(SymbStateRewriterImpl.scala:422)
	at at.forsyte.apalache.tla.bmcmt.rules.QuantRule.skolemExistsInRange(QuantRule.scala:216)
	at at.forsyte.apalache.tla.bmcmt.rules.QuantRule.apply(QuantRule.scala:42)
	at at.forsyte.apalache.tla.bmcmt.SymbStateRewriterImpl.rewriteOnce(SymbStateRewriterImpl.scala:355)
	at at.forsyte.apalache.tla.bmcmt.SymbStateRewriterImpl.doRecursive$1(SymbStateRewriterImpl.scala:388)
	at at.forsyte.apalache.tla.bmcmt.SymbStateRewriterImpl.rewriteUntilDone(SymbStateRewriterImpl.scala:422)
	at at.forsyte.apalache.tla.bmcmt.rules.QuantRule.skolemExistsInRange(QuantRule.scala:216)
	at at.forsyte.apalache.tla.bmcmt.rules.QuantRule.apply(QuantRule.scala:42)
	at at.forsyte.apalache.tla.bmcmt.SymbStateRewriterImpl.rewriteOnce(SymbStateRewriterImpl.scala:355)
	at at.forsyte.apalache.tla.bmcmt.SymbStateRewriterImpl.doRecursive$1(SymbStateRewriterImpl.scala:388)
	at at.forsyte.apalache.tla.bmcmt.SymbStateRewriterImpl.rewriteUntilDone(SymbStateRewriterImpl.scala:422)
	at at.forsyte.apalache.tla.bmcmt.rules.QuantRule.skolemExistsInRange(QuantRule.scala:216)
	at at.forsyte.apalache.tla.bmcmt.rules.QuantRule.apply(QuantRule.scala:42)
	at at.forsyte.apalache.tla.bmcmt.SymbStateRewriterImpl.rewriteOnce(SymbStateRewriterImpl.scala:355)
	at at.forsyte.apalache.tla.bmcmt.SymbStateRewriterImpl.doRecursive$1(SymbStateRewriterImpl.scala:388)
	at at.forsyte.apalache.tla.bmcmt.SymbStateRewriterImpl.rewriteUntilDone(SymbStateRewriterImpl.scala:422)
	at at.forsyte.apalache.tla.bmcmt.rules.QuantRule.skolemExistsInRange(QuantRule.scala:216)
	at at.forsyte.apalache.tla.bmcmt.rules.QuantRule.apply(QuantRule.scala:42)
	at at.forsyte.apalache.tla.bmcmt.SymbStateRewriterImpl.rewriteOnce(SymbStateRewriterImpl.scala:355)
	at at.forsyte.apalache.tla.bmcmt.SymbStateRewriterImpl.doRecursive$1(SymbStateRewriterImpl.scala:388)
	at at.forsyte.apalache.tla.bmcmt.SymbStateRewriterImpl.rewriteUntilDone(SymbStateRewriterImpl.scala:422)
	at at.forsyte.apalache.tla.bmcmt.rules.AndRule.mapArg$1(AndRule.scala:62)
	at at.forsyte.apalache.tla.bmcmt.rules.AndRule.$anonfun$apply$2(AndRule.scala:66)
	at scala.collection.immutable.List.map(List.scala:247)
	at scala.collection.immutable.List.map(List.scala:79)
	at at.forsyte.apalache.tla.bmcmt.rules.AndRule.apply(AndRule.scala:66)
	at at.forsyte.apalache.tla.bmcmt.SymbStateRewriterImpl.rewriteOnce(SymbStateRewriterImpl.scala:355)
	at at.forsyte.apalache.tla.bmcmt.SymbStateRewriterImpl.doRecursive$1(SymbStateRewriterImpl.scala:388)
	at at.forsyte.apalache.tla.bmcmt.SymbStateRewriterImpl.rewriteUntilDone(SymbStateRewriterImpl.scala:422)
	at at.forsyte.apalache.tla.bmcmt.trex.TransitionExecutorImpl.prepareTransition(TransitionExecutorImpl.scala:107)
	at at.forsyte.apalache.tla.bmcmt.trex.FilteredTransitionExecutor.prepareTransition(FilteredTransitionExecutor.scala:48)
	at at.forsyte.apalache.tla.bmcmt.trex.ConstrainedTransitionExecutor.prepareTransition(ConstrainedTransitionExecutor.scala:98)
	at at.forsyte.apalache.tla.bmcmt.SeqModelChecker.$anonfun$prepareTransitionsAndCheckInvariants$5(SeqModelChecker.scala:213)
	at scala.runtime.java8.JFunction1$mcVI$sp.apply(JFunction1$mcVI$sp.scala:18)
	at scala.collection.immutable.Range.foreach(Range.scala:190)
	at at.forsyte.apalache.tla.bmcmt.SeqModelChecker.prepareTransitionsAndCheckInvariants(SeqModelChecker.scala:207)
	at at.forsyte.apalache.tla.bmcmt.SeqModelChecker.makeStep(SeqModelChecker.scala:123)
	at at.forsyte.apalache.tla.bmcmt.SeqModelChecker.run(SeqModelChecker.scala:62)
	at at.forsyte.apalache.tla.bmcmt.passes.BoundedCheckerPassImpl.runIncrementalChecker(BoundedCheckerPassImpl.scala:127)
	at at.forsyte.apalache.tla.bmcmt.passes.BoundedCheckerPassImpl.execute(BoundedCheckerPassImpl.scala:80)
	at at.forsyte.apalache.infra.passes.PassChainExecutor$.exec(PassChainExecutor.scala:64)
	at at.forsyte.apalache.infra.passes.PassChainExecutor$.$anonfun$runPassOnModule$3(PassChainExecutor.scala:53)
	at scala.util.Either.flatMap(Either.scala:360)
	at at.forsyte.apalache.infra.passes.PassChainExecutor$.$anonfun$runPassOnModule$1(PassChainExecutor.scala:51)
	at scala.collection.LinearSeqOps.foldLeft(LinearSeq.scala:183)
	at scala.collection.LinearSeqOps.foldLeft$(LinearSeq.scala:179)
	at scala.collection.immutable.List.foldLeft(List.scala:79)
	at at.forsyte.apalache.infra.passes.PassChainExecutor$.runOnPasses(PassChainExecutor.scala:44)
	at at.forsyte.apalache.infra.passes.PassChainExecutor$.run(PassChainExecutor.scala:34)
	at at.forsyte.apalache.shai.v1.CmdExecutorService.$anonfun$executeCmd$6(CmdExecutorService.scala:93)
	at scala.util.Either.flatMap(Either.scala:360)
	at at.forsyte.apalache.shai.v1.CmdExecutorService.$anonfun$executeCmd$2(CmdExecutorService.scala:81)
	at scala.util.Either.flatMap(Either.scala:360)
	at at.forsyte.apalache.shai.v1.CmdExecutorService.executeCmd(CmdExecutorService.scala:77)
	at at.forsyte.apalache.shai.v1.CmdExecutorService.$anonfun$run$1(CmdExecutorService.scala:47)
	at zio.internal.FiberContext.evaluateNow(FiberContext.scala:355)
	at zio.internal.FiberContext.$anonfun$evaluateLater$1(FiberContext.scala:785)
	at java.base/java.util.concurrent.ThreadPoolExecutor.runWorker(ThreadPoolExecutor.java:1144)
	at java.base/java.util.concurrent.ThreadPoolExecutor$Worker.run(ThreadPoolExecutor.java:642)
	at java.base/java.lang.Thread.run(Thread.java:1570)
